<?xml version="1.0" encoding="UTF-8"?>
<Site BuildName="Linux-g++"
	BuildStamp="20230823-1338-Experimental"
	Name="titanhzz-archcraft"
	Generator="ctest-3.27.1"
	CompilerName="/usr/bin/g++"
	CompilerVersion="13.2.1"
	OSName="Linux"
	Hostname="titanhzz-archcraft"
	OSRelease="6.4.11-arch2-1"
	OSVersion="#1 SMP PREEMPT_DYNAMIC Sat, 19 Aug 2023 15:38:34 +0000"
	OSPlatform="x86_64"
	Is64Bits="1"
	VendorString="AuthenticAMD"
	VendorID="Advanced Micro Devices"
	FamilyID="25"
	ModelID="80"
	ProcessorCacheSize="512"
	NumberOfLogicalCPU="16"
	NumberOfPhysicalCPU="8"
	TotalVirtualMemory="0"
	TotalPhysicalMemory="15333"
	LogicalProcessorsPerPhysical="2"
	ProcessorClockFrequency="3312.74"
	>
	<Testing>
		<StartDateTime>Aug 23 15:13 WEST</StartDateTime>
		<StartTestTime>1692800004</StartTestTime>
		<TestList/>
		<EndDateTime>Aug 23 15:13 WEST</EndDateTime>
		<EndTestTime>1692800004</EndTestTime>
		<ElapsedMinutes>0</ElapsedMinutes>
	</Testing>
</Site>
