<?xml version="1.0" encoding="UTF-8"?>
<Site BuildName="Linux-g++"
	BuildStamp="20230821-1608-Experimental"
	Name="titanhzz-archcraft"
	Generator="ctest-3.27.1"
	CompilerName="/usr/bin/g++"
	CompilerVersion="13.2.1"
	OSName="Linux"
	Hostname="titanhzz-archcraft"
	OSRelease="6.4.11-arch1-1"
	OSVersion="#1 SMP PREEMPT_DYNAMIC Wed, 16 Aug 2023 22:44:10 +0000"
	OSPlatform="x86_64"
	Is64Bits="1"
	VendorString="AuthenticAMD"
	VendorID="Advanced Micro Devices"
	FamilyID="25"
	ModelID="80"
	ProcessorCacheSize="512"
	NumberOfLogicalCPU="16"
	NumberOfPhysicalCPU="8"
	TotalVirtualMemory="0"
	TotalPhysicalMemory="15333"
	LogicalProcessorsPerPhysical="2"
	ProcessorClockFrequency="3339.43"
	>
	<Testing>
		<StartDateTime>Aug 21 18:32 WEST</StartDateTime>
		<StartTestTime>1692639123</StartTestTime>
		<TestList/>
		<EndDateTime>Aug 21 18:32 WEST</EndDateTime>
		<EndTestTime>1692639123</EndTestTime>
		<ElapsedMinutes>0</ElapsedMinutes>
	</Testing>
</Site>
